[2024-01-12 08:08:02 : INFO] - Re_Smush_It_Task with attachment ID : 674, autocreated on : January 12, 2024 08:08:02 
[2024-01-12 08:08:25 : INFO] - Re_Smush_It_Task with attachment ID : 675, autocreated on : January 12, 2024 08:08:25 
[2024-01-12 08:08:56 : INFO] - Re_Smush_It_Task with attachment ID : 676, autocreated on : January 12, 2024 08:08:56 
[2024-01-12 08:11:06 : INFO] - Re_Smush_It_Task with attachment ID : 677, autocreated on : January 12, 2024 08:11:06 
[2024-01-12 08:14:01 : INFO] - A total of 4 tasks of type smush found and will be processed in this iteration 
[2024-01-12 08:14:01 : DEBUG] - Lock option (updraft_lock_smush, wp_options) was created in the database 
[2024-01-12 08:14:01 : INFO] - Lock (updraft_lock_smush, wp_options) acquired after initialising the database 
[2024-01-12 08:14:01 : INFO] - Processing task with ID : 15, and type 'smush' 
[2024-01-12 08:14:01 : INFO] - Re_Smush_It_Task with attachment ID : 674, autocreated on : January 12, 2024 08:08:02 
[2024-01-12 08:14:01 : INFO] - File: Screenshot-2024-01-12-131023.png, Compression quality: 60 
[2024-01-12 08:14:03 : INFO] - Backing up the original image - 2024/01/Screenshot-2024-01-12-131023-updraft-pre-smush-original.png 
[2024-01-12 08:14:06 : INFO] - Successfully optimized the image - /home/u825790153/domains/sportskolkata.in/public_html/wp-content/uploads/2024/01/Screenshot-2024-01-12-131023.png.The file was compressed from 134.99 KB to 134.99 KB, saving 0 percent, using WP-Optimize 
[2024-01-12 08:14:06 : INFO] - Completed processing task with ID : 15, and type 'smush' 
[2024-01-12 08:14:06 : INFO] - Processing task with ID : 16, and type 'smush' 
[2024-01-12 08:14:06 : INFO] - Re_Smush_It_Task with attachment ID : 675, autocreated on : January 12, 2024 08:08:25 
[2024-01-12 08:14:06 : INFO] - File: Screenshot-2024-01-12-131038.png, Compression quality: 60 
[2024-01-12 08:14:07 : INFO] - Backing up the original image - 2024/01/Screenshot-2024-01-12-131038-updraft-pre-smush-original.png 
[2024-01-12 08:14:09 : INFO] - Successfully optimized the image - /home/u825790153/domains/sportskolkata.in/public_html/wp-content/uploads/2024/01/Screenshot-2024-01-12-131038.png.The file was compressed from 32.59 KB to 32.59 KB, saving 0 percent, using WP-Optimize 
[2024-01-12 08:14:09 : INFO] - Completed processing task with ID : 16, and type 'smush' 
[2024-01-12 08:14:09 : INFO] - Processing task with ID : 17, and type 'smush' 
[2024-01-12 08:14:09 : INFO] - Re_Smush_It_Task with attachment ID : 676, autocreated on : January 12, 2024 08:08:56 
[2024-01-12 08:14:09 : INFO] - File: Screenshot-2024-01-12-131430.png, Compression quality: 60 
[2024-01-12 08:14:10 : INFO] - Backing up the original image - 2024/01/Screenshot-2024-01-12-131430-updraft-pre-smush-original.png 
[2024-01-12 08:14:15 : INFO] - Successfully optimized the image - /home/u825790153/domains/sportskolkata.in/public_html/wp-content/uploads/2024/01/Screenshot-2024-01-12-131430.png.The file was compressed from 24.74 KB to 24.74 KB, saving 0.02 percent, using WP-Optimize 
[2024-01-12 08:14:15 : INFO] - Completed processing task with ID : 17, and type 'smush' 
[2024-01-12 08:14:15 : INFO] - Processing task with ID : 18, and type 'smush' 
[2024-01-12 08:14:15 : INFO] - Re_Smush_It_Task with attachment ID : 677, autocreated on : January 12, 2024 08:11:06 
[2024-01-12 08:14:15 : INFO] - File: Screenshot-2024-01-12-134040.png, Compression quality: 60 
[2024-01-12 08:14:17 : INFO] - Backing up the original image - 2024/01/Screenshot-2024-01-12-134040-updraft-pre-smush-original.png 
[2024-01-12 08:14:21 : INFO] - Successfully optimized the image - /home/u825790153/domains/sportskolkata.in/public_html/wp-content/uploads/2024/01/Screenshot-2024-01-12-134040.png.The file was compressed from 476.24 KB to 151.84 KB, saving 68.12 percent, using WP-Optimize 
[2024-01-12 08:14:21 : INFO] - Completed processing task with ID : 18, and type 'smush' 
[2024-01-12 08:14:21 : INFO] - Lock option (updraft_lock_smush, wp_options) released 
[2024-01-12 08:14:21 : INFO] - Successfully processed the queue (smush). 4 tasks were processed out of 4. 
[2024-01-12 08:14:21 : INFO] - Lock option (updraft_lock_smush, wp_options) was deleted from the database 
[2024-01-12 08:14:21 : INFO] - Cleaning up tasks of type (smush). A total of 5 tasks will be deleted. 
[2024-01-25 07:41:07 : INFO] - Re_Smush_It_Task with attachment ID : 715, autocreated on : January 25, 2024 07:41:07 
[2024-01-25 07:46:40 : INFO] - A total of 1 tasks of type smush found and will be processed in this iteration 
[2024-01-25 07:46:40 : DEBUG] - Lock option (updraft_lock_smush, wp_options) was created in the database 
[2024-01-25 07:46:40 : INFO] - Lock (updraft_lock_smush, wp_options) acquired after initialising the database 
[2024-01-25 07:46:40 : INFO] - Processing task with ID : 19, and type 'smush' 
[2024-01-25 07:46:40 : INFO] - Re_Smush_It_Task with attachment ID : 715, autocreated on : January 25, 2024 07:41:07 
[2024-01-25 07:46:40 : INFO] - File: cropped-quickweb-logo-1.png, Compression quality: 60 
[2024-01-25 07:46:43 : INFO] - Backing up the original image - 2023/05/cropped-quickweb-logo-1-updraft-pre-smush-original.png 
[2024-01-25 07:46:50 : INFO] - Successfully optimized the image - /home/u825790153/domains/sportskolkata.in/public_html/wp-content/uploads/2023/05/cropped-quickweb-logo-1.png.The file was compressed from 36.43 KB to 36.43 KB, saving 0 percent, using WP-Optimize 
[2024-01-25 07:46:50 : INFO] - Completed processing task with ID : 19, and type 'smush' 
[2024-01-25 07:46:50 : INFO] - Lock option (updraft_lock_smush, wp_options) released 
[2024-01-25 07:46:50 : INFO] - Successfully processed the queue (smush). 1 tasks were processed out of 1. 
[2024-01-25 07:46:50 : INFO] - Lock option (updraft_lock_smush, wp_options) was deleted from the database 
[2024-01-25 07:46:50 : INFO] - Cleaning up tasks of type (smush). A total of 1 tasks will be deleted. 
[2024-01-29 10:52:24 : INFO] - Re_Smush_It_Task with attachment ID : 718, autocreated on : January 29, 2024 10:52:24 
[2024-01-29 10:57:57 : INFO] - A total of 1 tasks of type smush found and will be processed in this iteration 
[2024-01-29 10:57:57 : DEBUG] - Lock option (updraft_lock_smush, wp_options) was created in the database 
[2024-01-29 10:57:57 : INFO] - Lock (updraft_lock_smush, wp_options) acquired after initialising the database 
[2024-01-29 10:57:57 : INFO] - Processing task with ID : 20, and type 'smush' 
[2024-01-29 10:57:57 : INFO] - Re_Smush_It_Task with attachment ID : 718, autocreated on : January 29, 2024 10:52:24 
[2024-01-29 10:57:57 : INFO] - File: england-vs-india.jpg, Compression quality: 60 
[2024-01-29 10:58:00 : INFO] - Backing up the original image - 2024/01/england-vs-india-updraft-pre-smush-original.jpg 
[2024-01-29 10:58:04 : INFO] - Successfully optimized the image - /home/u825790153/domains/sportskolkata.in/public_html/wp-content/uploads/2024/01/england-vs-india.jpg.The file was compressed from 19.29 KB to 19.29 KB, saving 0 percent, using WP-Optimize 
[2024-01-29 10:58:04 : INFO] - Completed processing task with ID : 20, and type 'smush' 
[2024-01-29 10:58:04 : INFO] - Lock option (updraft_lock_smush, wp_options) released 
[2024-01-29 10:58:04 : INFO] - Successfully processed the queue (smush). 1 tasks were processed out of 1. 
[2024-01-29 10:58:04 : INFO] - Lock option (updraft_lock_smush, wp_options) was deleted from the database 
[2024-01-29 10:58:04 : INFO] - Cleaning up tasks of type (smush). A total of 1 tasks will be deleted. 
[2024-01-31 08:22:10 : INFO] - Re_Smush_It_Task with attachment ID : 741, autocreated on : January 31, 2024 08:22:10 
[2024-01-31 08:27:27 : INFO] - A total of 1 tasks of type smush found and will be processed in this iteration 
[2024-01-31 08:27:27 : DEBUG] - Lock option (updraft_lock_smush, wp_options) was created in the database 
[2024-01-31 08:27:27 : INFO] - Lock (updraft_lock_smush, wp_options) acquired after initialising the database 
[2024-01-31 08:27:27 : INFO] - Processing task with ID : 21, and type 'smush' 
[2024-01-31 08:27:28 : INFO] - Re_Smush_It_Task with attachment ID : 741, autocreated on : January 31, 2024 08:22:10 
[2024-01-31 08:27:28 : INFO] - File: Nirmala.jpg, Compression quality: 60 
[2024-01-31 08:27:29 : INFO] - Backing up the original image - 2024/01/Nirmala-updraft-pre-smush-original.jpg 
[2024-01-31 08:27:32 : INFO] - Successfully optimized the image - /home/u825790153/domains/sportskolkata.in/public_html/wp-content/uploads/2024/01/Nirmala.jpg.The file was compressed from 54.07 KB to 32.76 KB, saving 39.42 percent, using WP-Optimize 
[2024-01-31 08:27:32 : INFO] - Completed processing task with ID : 21, and type 'smush' 
[2024-01-31 08:27:32 : INFO] - Lock option (updraft_lock_smush, wp_options) released 
[2024-01-31 08:27:32 : INFO] - Successfully processed the queue (smush). 1 tasks were processed out of 1. 
[2024-01-31 08:27:32 : INFO] - Lock option (updraft_lock_smush, wp_options) was deleted from the database 
[2024-01-31 08:27:32 : INFO] - Cleaning up tasks of type (smush). A total of 1 tasks will be deleted. 
